<?xml version="1.0" encoding="UTF-8"?>
<!-- Generated by org.testng.reporters.JUnitReportReporter -->
<testsuite hostname="DESKTOP-68MNJHS" failures="0" tests="1" name="Academy.validateNavigationBar" time="0.082" errors="0" timestamp="6 Oct 2018 06:21:30 GMT">
  <testcase classname="Academy.validateNavigationBar" name="validateAppNavBar" time="0.082"/>
</testsuite> <!-- Academy.validateNavigationBar -->
